<?xml version="1.0" encoding="UTF-8" ?>
<testsuite failures="0" time="3.546" errors="0" skipped="0" tests="1" name="com.tripadviator.web.controller.ProductControllerTest">
  <properties>
    <property name="java.runtime.name" value="Java(TM) SE Runtime Environment"/>
    <property name="sun.boot.library.path" value="D:\Program Files\Java\jdk1.7.0_21\jre\bin"/>
    <property name="java.vm.version" value="23.21-b01"/>
    <property name="user.country.format" value="CN"/>
    <property name="java.vm.vendor" value="Oracle Corporation"/>
    <property name="java.vendor.url" value="http://java.oracle.com/"/>
    <property name="path.separator" value=";"/>
    <property name="java.vm.name" value="Java HotSpot(TM) 64-Bit Server VM"/>
    <property name="file.encoding.pkg" value="sun.io"/>
    <property name="user.script" value=""/>
    <property name="user.country" value="US"/>
    <property name="sun.java.launcher" value="SUN_STANDARD"/>
    <property name="sun.os.patch.level" value=""/>
    <property name="java.vm.specification.name" value="Java Virtual Machine Specification"/>
    <property name="user.dir" value="E:\GIT\tripadviator\tripadviator\tripadviator-web"/>
    <property name="java.runtime.version" value="1.7.0_21-b11"/>
    <property name="java.awt.graphicsenv" value="sun.awt.Win32GraphicsEnvironment"/>
    <property name="basedir" value="E:\GIT\tripadviator\tripadviator\tripadviator-web"/>
    <property name="java.endorsed.dirs" value="D:\Program Files\Java\jdk1.7.0_21\jre\lib\endorsed"/>
    <property name="os.arch" value="amd64"/>
    <property name="surefire.real.class.path" value="C:\Users\Ming\AppData\Local\Temp\surefirebooter3985210468736840959.jar"/>
    <property name="java.io.tmpdir" value="C:\Users\Ming\AppData\Local\Temp\"/>
    <property name="line.separator" value="
"/>
    <property name="java.vm.specification.vendor" value="Oracle Corporation"/>
    <property name="user.variant" value=""/>
    <property name="os.name" value="Windows 8"/>
    <property name="sun.jnu.encoding" value="GBK"/>
    <property name="java.library.path" value="D:\Program Files\Java\jdk1.7.0_21\jre\bin;C:\WINDOWS\Sun\Java\bin;C:\WINDOWS\system32;C:\WINDOWS;C:\Users\Ming\AppData\Local\GitHub\PortableGit_054f2e797ebafd44a30203088cd3d58663c627ef\cmd;C:\Users\Ming\AppData\Local\GitHub\PortableGit_054f2e797ebafd44a30203088cd3d58663c627ef\bin;C:\Users\Ming\AppData\Local\Apps\2.0\04QKJ7MG.18J\85GHX4YY.CXJ\gith..tion_317444273a93ac29_0002.0002_f44dcb2e9d4cde94;C:\WINDOWS\Microsoft.NET\Framework\v4.0.30319;C:\Program Files (x86)\Intel\iCLS Client\;C:\Program Files\Intel\iCLS Client\;C:\windows\system32;C:\windows;C:\windows\System32\Wbem;C:\windows\System32\WindowsPowerShell\v1.0\;C:\Program Files\Intel\Intel(R) Management Engine Components\DAL;C:\Program Files\Intel\Intel(R) Management Engine Components\IPT;C:\Program Files (x86)\Intel\Intel(R) Management Engine Components\DAL;C:\Program Files (x86)\Intel\Intel(R) Management Engine Components\IPT;C:\Program Files\Intel\WiFi\bin\;C:\Program Files\Common Files\Intel\WirelessCommon\;C:\Program Files\ThinkPad\Bluetooth Software\;C:\Program Files\ThinkPad\Bluetooth Software\syswow64;;C:\Program Files (x86)\Intel\OpenCL SDK\2.0\bin\x86;C:\Program Files (x86)\Intel\OpenCL SDK\2.0\bin\x64;C:\ProgramData\Lenovo\ReadyApps;C:\Program Files\MySQL\MySQL Server 5.1\bin;C:\Program Files (x86)\Windows Live\Shared;C:\JM\Work\Software_Env\apache-maven-2.2.1\bin;D:\apache-ant-1.9.1\bin;D:\Scala-2.10.3\\bin;.;D:\Program Files\Java\jdk1.7.0_21\bin;C:\Program Files (x86)\QuickTime\QTSystem\;D:\Program Files\nodejs\;C:\Users\Ming\AppData\Local\Smartbar\Application\;%SystemRoot%\system32;%SystemRoot%;%SystemRoot%\System32\Wbem;%SYSTEMROOT%\System32\WindowsPowerShell\v1.0\;."/>
    <property name="surefire.test.class.path" value="E:\GIT\tripadviator\tripadviator\tripadviator-web\target\test-classes;E:\GIT\tripadviator\tripadviator\tripadviator-web\target\classes;C:\Users\Ming\.m2\repository\com\tripadviator\tripadviator-service\1.0.0-SNAPSHOT\tripadviator-service-1.0.0-SNAPSHOT.jar;C:\Users\Ming\.m2\repository\com\tripadviator\tripadviator-domain\1.0.0-SNAPSHOT\tripadviator-domain-1.0.0-SNAPSHOT.jar;C:\Users\Ming\.m2\repository\org\springframework\spring-test\4.0.0.RELEASE\spring-test-4.0.0.RELEASE.jar;C:\Users\Ming\.m2\repository\org\springframework\spring-core\4.0.0.RELEASE\spring-core-4.0.0.RELEASE.jar;C:\Users\Ming\.m2\repository\commons-logging\commons-logging\1.1.3\commons-logging-1.1.3.jar;C:\Users\Ming\.m2\repository\org\springframework\data\spring-data-mongodb\1.6.1.RELEASE\spring-data-mongodb-1.6.1.RELEASE.jar;C:\Users\Ming\.m2\repository\org\springframework\spring-tx\4.0.0.RELEASE\spring-tx-4.0.0.RELEASE.jar;C:\Users\Ming\.m2\repository\org\springframework\spring-beans\4.0.0.RELEASE\spring-beans-4.0.0.RELEASE.jar;C:\Users\Ming\.m2\repository\org\springframework\spring-context\4.0.0.RELEASE\spring-context-4.0.0.RELEASE.jar;C:\Users\Ming\.m2\repository\org\springframework\spring-aop\4.0.0.RELEASE\spring-aop-4.0.0.RELEASE.jar;C:\Users\Ming\.m2\repository\aopalliance\aopalliance\1.0\aopalliance-1.0.jar;C:\Users\Ming\.m2\repository\org\springframework\spring-expression\4.0.0.RELEASE\spring-expression-4.0.0.RELEASE.jar;C:\Users\Ming\.m2\repository\org\springframework\data\spring-data-commons\1.9.1.RELEASE\spring-data-commons-1.9.1.RELEASE.jar;C:\Users\Ming\.m2\repository\org\slf4j\slf4j-api\1.7.5\slf4j-api-1.7.5.jar;C:\Users\Ming\.m2\repository\org\mongodb\mongo-java-driver\2.12.3\mongo-java-driver-2.12.3.jar;C:\Users\Ming\.m2\repository\org\springframework\boot\spring-boot-starter-data-mongodb\1.1.8.RELEASE\spring-boot-starter-data-mongodb-1.1.8.RELEASE.jar;C:\Users\Ming\.m2\repository\org\springframework\boot\spring-boot-starter\1.1.8.RELEASE\spring-boot-starter-1.1.8.RELEASE.jar;C:\Users\Ming\.m2\repository\org\springframework\boot\spring-boot\1.1.8.RELEASE\spring-boot-1.1.8.RELEASE.jar;C:\Users\Ming\.m2\repository\org\springframework\boot\spring-boot-autoconfigure\1.1.8.RELEASE\spring-boot-autoconfigure-1.1.8.RELEASE.jar;C:\Users\Ming\.m2\repository\org\springframework\boot\spring-boot-starter-logging\1.1.8.RELEASE\spring-boot-starter-logging-1.1.8.RELEASE.jar;C:\Users\Ming\.m2\repository\org\slf4j\jul-to-slf4j\1.7.7\jul-to-slf4j-1.7.7.jar;C:\Users\Ming\.m2\repository\ch\qos\logback\logback-classic\1.0.13\logback-classic-1.0.13.jar;C:\Users\Ming\.m2\repository\ch\qos\logback\logback-core\1.0.13\logback-core-1.0.13.jar;C:\Users\Ming\.m2\repository\org\yaml\snakeyaml\1.13\snakeyaml-1.13.jar;C:\Users\Ming\.m2\repository\com\fasterxml\jackson\core\jackson-databind\2.4.3\jackson-databind-2.4.3.jar;C:\Users\Ming\.m2\repository\com\fasterxml\jackson\core\jackson-annotations\2.4.0\jackson-annotations-2.4.0.jar;C:\Users\Ming\.m2\repository\com\fasterxml\jackson\core\jackson-core\2.4.3\jackson-core-2.4.3.jar;C:\Users\Ming\.m2\repository\org\slf4j\slf4j-log4j12\1.7.7\slf4j-log4j12-1.7.7.jar;C:\Users\Ming\.m2\repository\log4j\log4j\1.2.17\log4j-1.2.17.jar;C:\Users\Ming\.m2\repository\org\springframework\spring-webmvc\4.0.0.RELEASE\spring-webmvc-4.0.0.RELEASE.jar;C:\Users\Ming\.m2\repository\org\springframework\spring-web\4.0.0.RELEASE\spring-web-4.0.0.RELEASE.jar;C:\Users\Ming\.m2\repository\com\tripadviator\tripadviator-dao\1.0.0-SNAPSHOT\tripadviator-dao-1.0.0-SNAPSHOT.jar;C:\Users\Ming\.m2\repository\org\apache\httpcomponents\httpclient\4.3.2\httpclient-4.3.2.jar;C:\Users\Ming\.m2\repository\org\apache\httpcomponents\httpcore\4.3.1\httpcore-4.3.1.jar;C:\Users\Ming\.m2\repository\commons-codec\commons-codec\1.6\commons-codec-1.6.jar;C:\Users\Ming\.m2\repository\commons-httpclient\commons-httpclient\3.1\commons-httpclient-3.1.jar;C:\Users\Ming\.m2\repository\org\springframework\security\spring-security-core\3.2.0.RELEASE\spring-security-core-3.2.0.RELEASE.jar;C:\Users\Ming\.m2\repository\com\google\guava\guava\16.0.1\guava-16.0.1.jar;C:\Users\Ming\.m2\repository\com\google\code\findbugs\jsr305\3.0.0\jsr305-3.0.0.jar;C:\Users\Ming\.m2\repository\org\scala-lang\scala-library\2.10.4\scala-library-2.10.4.jar;C:\Users\Ming\.m2\repository\javax\servlet\jstl\1.2\jstl-1.2.jar;C:\Users\Ming\.m2\repository\org\glassfish\javax.servlet\3.0\javax.servlet-3.0.jar;C:\Users\Ming\.m2\repository\javax\servlet\jsp\jsp-api\2.2\jsp-api-2.2.jar;C:\Users\Ming\.m2\repository\org\hibernate\hibernate-entitymanager\4.2.1.Final\hibernate-entitymanager-4.2.1.Final.jar;C:\Users\Ming\.m2\repository\org\jboss\logging\jboss-logging\3.1.0.GA\jboss-logging-3.1.0.GA.jar;C:\Users\Ming\.m2\repository\org\hibernate\hibernate-core\4.2.1.Final\hibernate-core-4.2.1.Final.jar;C:\Users\Ming\.m2\repository\antlr\antlr\2.7.7\antlr-2.7.7.jar;C:\Users\Ming\.m2\repository\dom4j\dom4j\1.6.1\dom4j-1.6.1.jar;C:\Users\Ming\.m2\repository\org\jboss\spec\javax\transaction\jboss-transaction-api_1.1_spec\1.0.1.Final\jboss-transaction-api_1.1_spec-1.0.1.Final.jar;C:\Users\Ming\.m2\repository\org\hibernate\javax\persistence\hibernate-jpa-2.0-api\1.0.1.Final\hibernate-jpa-2.0-api-1.0.1.Final.jar;C:\Users\Ming\.m2\repository\org\javassist\javassist\3.15.0-GA\javassist-3.15.0-GA.jar;C:\Users\Ming\.m2\repository\org\hibernate\common\hibernate-commons-annotations\4.0.1.Final\hibernate-commons-annotations-4.0.1.Final.jar;C:\Users\Ming\.m2\repository\junit\junit\4.11\junit-4.11.jar;C:\Users\Ming\.m2\repository\org\hamcrest\hamcrest-core\1.3\hamcrest-core-1.3.jar;C:\Users\Ming\.m2\repository\org\mockito\mockito-all\1.9.5\mockito-all-1.9.5.jar;C:\Users\Ming\.m2\repository\com\jayway\jsonpath\json-path\0.8.1\json-path-0.8.1.jar;C:\Users\Ming\.m2\repository\net\minidev\json-smart\1.1.1\json-smart-1.1.1.jar;C:\Users\Ming\.m2\repository\commons-lang\commons-lang\2.6\commons-lang-2.6.jar;C:\Users\Ming\.m2\repository\com\jayway\jsonpath\json-path-assert\0.8.1\json-path-assert-0.8.1.jar;C:\Users\Ming\.m2\repository\org\hamcrest\hamcrest-library\1.2.1\hamcrest-library-1.2.1.jar;"/>
    <property name="java.specification.name" value="Java Platform API Specification"/>
    <property name="java.class.version" value="51.0"/>
    <property name="sun.management.compiler" value="HotSpot 64-Bit Tiered Compilers"/>
    <property name="os.version" value="6.2"/>
    <property name="user.home" value="C:\Users\Ming"/>
    <property name="user.timezone" value="Australia/Sydney"/>
    <property name="java.awt.printerjob" value="sun.awt.windows.WPrinterJob"/>
    <property name="java.specification.version" value="1.7"/>
    <property name="file.encoding" value="GBK"/>
    <property name="user.name" value="Ming"/>
    <property name="java.class.path" value="E:\GIT\tripadviator\tripadviator\tripadviator-web\target\test-classes;E:\GIT\tripadviator\tripadviator\tripadviator-web\target\classes;C:\Users\Ming\.m2\repository\com\tripadviator\tripadviator-service\1.0.0-SNAPSHOT\tripadviator-service-1.0.0-SNAPSHOT.jar;C:\Users\Ming\.m2\repository\com\tripadviator\tripadviator-domain\1.0.0-SNAPSHOT\tripadviator-domain-1.0.0-SNAPSHOT.jar;C:\Users\Ming\.m2\repository\org\springframework\spring-test\4.0.0.RELEASE\spring-test-4.0.0.RELEASE.jar;C:\Users\Ming\.m2\repository\org\springframework\spring-core\4.0.0.RELEASE\spring-core-4.0.0.RELEASE.jar;C:\Users\Ming\.m2\repository\commons-logging\commons-logging\1.1.3\commons-logging-1.1.3.jar;C:\Users\Ming\.m2\repository\org\springframework\data\spring-data-mongodb\1.6.1.RELEASE\spring-data-mongodb-1.6.1.RELEASE.jar;C:\Users\Ming\.m2\repository\org\springframework\spring-tx\4.0.0.RELEASE\spring-tx-4.0.0.RELEASE.jar;C:\Users\Ming\.m2\repository\org\springframework\spring-beans\4.0.0.RELEASE\spring-beans-4.0.0.RELEASE.jar;C:\Users\Ming\.m2\repository\org\springframework\spring-context\4.0.0.RELEASE\spring-context-4.0.0.RELEASE.jar;C:\Users\Ming\.m2\repository\org\springframework\spring-aop\4.0.0.RELEASE\spring-aop-4.0.0.RELEASE.jar;C:\Users\Ming\.m2\repository\aopalliance\aopalliance\1.0\aopalliance-1.0.jar;C:\Users\Ming\.m2\repository\org\springframework\spring-expression\4.0.0.RELEASE\spring-expression-4.0.0.RELEASE.jar;C:\Users\Ming\.m2\repository\org\springframework\data\spring-data-commons\1.9.1.RELEASE\spring-data-commons-1.9.1.RELEASE.jar;C:\Users\Ming\.m2\repository\org\slf4j\slf4j-api\1.7.5\slf4j-api-1.7.5.jar;C:\Users\Ming\.m2\repository\org\mongodb\mongo-java-driver\2.12.3\mongo-java-driver-2.12.3.jar;C:\Users\Ming\.m2\repository\org\springframework\boot\spring-boot-starter-data-mongodb\1.1.8.RELEASE\spring-boot-starter-data-mongodb-1.1.8.RELEASE.jar;C:\Users\Ming\.m2\repository\org\springframework\boot\spring-boot-starter\1.1.8.RELEASE\spring-boot-starter-1.1.8.RELEASE.jar;C:\Users\Ming\.m2\repository\org\springframework\boot\spring-boot\1.1.8.RELEASE\spring-boot-1.1.8.RELEASE.jar;C:\Users\Ming\.m2\repository\org\springframework\boot\spring-boot-autoconfigure\1.1.8.RELEASE\spring-boot-autoconfigure-1.1.8.RELEASE.jar;C:\Users\Ming\.m2\repository\org\springframework\boot\spring-boot-starter-logging\1.1.8.RELEASE\spring-boot-starter-logging-1.1.8.RELEASE.jar;C:\Users\Ming\.m2\repository\org\slf4j\jul-to-slf4j\1.7.7\jul-to-slf4j-1.7.7.jar;C:\Users\Ming\.m2\repository\ch\qos\logback\logback-classic\1.0.13\logback-classic-1.0.13.jar;C:\Users\Ming\.m2\repository\ch\qos\logback\logback-core\1.0.13\logback-core-1.0.13.jar;C:\Users\Ming\.m2\repository\org\yaml\snakeyaml\1.13\snakeyaml-1.13.jar;C:\Users\Ming\.m2\repository\com\fasterxml\jackson\core\jackson-databind\2.4.3\jackson-databind-2.4.3.jar;C:\Users\Ming\.m2\repository\com\fasterxml\jackson\core\jackson-annotations\2.4.0\jackson-annotations-2.4.0.jar;C:\Users\Ming\.m2\repository\com\fasterxml\jackson\core\jackson-core\2.4.3\jackson-core-2.4.3.jar;C:\Users\Ming\.m2\repository\org\slf4j\slf4j-log4j12\1.7.7\slf4j-log4j12-1.7.7.jar;C:\Users\Ming\.m2\repository\log4j\log4j\1.2.17\log4j-1.2.17.jar;C:\Users\Ming\.m2\repository\org\springframework\spring-webmvc\4.0.0.RELEASE\spring-webmvc-4.0.0.RELEASE.jar;C:\Users\Ming\.m2\repository\org\springframework\spring-web\4.0.0.RELEASE\spring-web-4.0.0.RELEASE.jar;C:\Users\Ming\.m2\repository\com\tripadviator\tripadviator-dao\1.0.0-SNAPSHOT\tripadviator-dao-1.0.0-SNAPSHOT.jar;C:\Users\Ming\.m2\repository\org\apache\httpcomponents\httpclient\4.3.2\httpclient-4.3.2.jar;C:\Users\Ming\.m2\repository\org\apache\httpcomponents\httpcore\4.3.1\httpcore-4.3.1.jar;C:\Users\Ming\.m2\repository\commons-codec\commons-codec\1.6\commons-codec-1.6.jar;C:\Users\Ming\.m2\repository\commons-httpclient\commons-httpclient\3.1\commons-httpclient-3.1.jar;C:\Users\Ming\.m2\repository\org\springframework\security\spring-security-core\3.2.0.RELEASE\spring-security-core-3.2.0.RELEASE.jar;C:\Users\Ming\.m2\repository\com\google\guava\guava\16.0.1\guava-16.0.1.jar;C:\Users\Ming\.m2\repository\com\google\code\findbugs\jsr305\3.0.0\jsr305-3.0.0.jar;C:\Users\Ming\.m2\repository\org\scala-lang\scala-library\2.10.4\scala-library-2.10.4.jar;C:\Users\Ming\.m2\repository\javax\servlet\jstl\1.2\jstl-1.2.jar;C:\Users\Ming\.m2\repository\org\glassfish\javax.servlet\3.0\javax.servlet-3.0.jar;C:\Users\Ming\.m2\repository\javax\servlet\jsp\jsp-api\2.2\jsp-api-2.2.jar;C:\Users\Ming\.m2\repository\org\hibernate\hibernate-entitymanager\4.2.1.Final\hibernate-entitymanager-4.2.1.Final.jar;C:\Users\Ming\.m2\repository\org\jboss\logging\jboss-logging\3.1.0.GA\jboss-logging-3.1.0.GA.jar;C:\Users\Ming\.m2\repository\org\hibernate\hibernate-core\4.2.1.Final\hibernate-core-4.2.1.Final.jar;C:\Users\Ming\.m2\repository\antlr\antlr\2.7.7\antlr-2.7.7.jar;C:\Users\Ming\.m2\repository\dom4j\dom4j\1.6.1\dom4j-1.6.1.jar;C:\Users\Ming\.m2\repository\org\jboss\spec\javax\transaction\jboss-transaction-api_1.1_spec\1.0.1.Final\jboss-transaction-api_1.1_spec-1.0.1.Final.jar;C:\Users\Ming\.m2\repository\org\hibernate\javax\persistence\hibernate-jpa-2.0-api\1.0.1.Final\hibernate-jpa-2.0-api-1.0.1.Final.jar;C:\Users\Ming\.m2\repository\org\javassist\javassist\3.15.0-GA\javassist-3.15.0-GA.jar;C:\Users\Ming\.m2\repository\org\hibernate\common\hibernate-commons-annotations\4.0.1.Final\hibernate-commons-annotations-4.0.1.Final.jar;C:\Users\Ming\.m2\repository\junit\junit\4.11\junit-4.11.jar;C:\Users\Ming\.m2\repository\org\hamcrest\hamcrest-core\1.3\hamcrest-core-1.3.jar;C:\Users\Ming\.m2\repository\org\mockito\mockito-all\1.9.5\mockito-all-1.9.5.jar;C:\Users\Ming\.m2\repository\com\jayway\jsonpath\json-path\0.8.1\json-path-0.8.1.jar;C:\Users\Ming\.m2\repository\net\minidev\json-smart\1.1.1\json-smart-1.1.1.jar;C:\Users\Ming\.m2\repository\commons-lang\commons-lang\2.6\commons-lang-2.6.jar;C:\Users\Ming\.m2\repository\com\jayway\jsonpath\json-path-assert\0.8.1\json-path-assert-0.8.1.jar;C:\Users\Ming\.m2\repository\org\hamcrest\hamcrest-library\1.2.1\hamcrest-library-1.2.1.jar;"/>
    <property name="java.vm.specification.version" value="1.7"/>
    <property name="sun.arch.data.model" value="64"/>
    <property name="java.home" value="D:\Program Files\Java\jdk1.7.0_21\jre"/>
    <property name="sun.java.command" value="C:\Users\Ming\AppData\Local\Temp\surefirebooter3985210468736840959.jar C:\Users\Ming\AppData\Local\Temp\surefire7031024163241383391tmp C:\Users\Ming\AppData\Local\Temp\surefire6787833894158603693tmp"/>
    <property name="java.specification.vendor" value="Oracle Corporation"/>
    <property name="user.language" value="en"/>
    <property name="user.language.format" value="zh"/>
    <property name="awt.toolkit" value="sun.awt.windows.WToolkit"/>
    <property name="java.vm.info" value="mixed mode"/>
    <property name="java.version" value="1.7.0_21"/>
    <property name="java.ext.dirs" value="D:\Program Files\Java\jdk1.7.0_21\jre\lib\ext;C:\WINDOWS\Sun\Java\lib\ext"/>
    <property name="sun.boot.class.path" value="D:\Program Files\Java\jdk1.7.0_21\jre\lib\resources.jar;D:\Program Files\Java\jdk1.7.0_21\jre\lib\rt.jar;D:\Program Files\Java\jdk1.7.0_21\jre\lib\sunrsasign.jar;D:\Program Files\Java\jdk1.7.0_21\jre\lib\jsse.jar;D:\Program Files\Java\jdk1.7.0_21\jre\lib\jce.jar;D:\Program Files\Java\jdk1.7.0_21\jre\lib\charsets.jar;D:\Program Files\Java\jdk1.7.0_21\jre\lib\jfr.jar;D:\Program Files\Java\jdk1.7.0_21\jre\classes"/>
    <property name="java.vendor" value="Oracle Corporation"/>
    <property name="localRepository" value="C:\Users\Ming\.m2\repository"/>
    <property name="file.separator" value="\"/>
    <property name="java.vendor.url.bug" value="http://bugreport.sun.com/bugreport/"/>
    <property name="sun.cpu.endian" value="little"/>
    <property name="sun.io.unicode.encoding" value="UnicodeLittle"/>
    <property name="sun.desktop" value="windows"/>
    <property name="sun.cpu.isalist" value="amd64"/>
  </properties>
  <testcase time="3.525" classname="com.tripadviator.web.controller.ProductControllerTest" name="testGetProductByCode"/>
</testsuite>